Connecting to database specified by database.yml
Connecting to database specified by database.yml
  [1m[36m (0.1ms)[0m  [1mselect sqlite_version(*)[0m
  [1m[35m (1.4ms)[0m  CREATE TABLE "schema_migrations" ("version" varchar(255) NOT NULL) 
  [1m[36m (0.0ms)[0m  [1mPRAGMA index_list("schema_migrations")[0m
  [1m[35m (1.1ms)[0m  CREATE UNIQUE INDEX "unique_schema_migrations" ON "schema_migrations" ("version")
  [1m[36m (0.1ms)[0m  [1mSELECT "schema_migrations"."version" FROM "schema_migrations" [0m
Migrating to CreateUsers (20120910074028)
  [1m[35m (0.0ms)[0m  begin transaction
  [1m[36m (0.3ms)[0m  [1mCREATE TABLE "users" ("id" INTEGER PRIMARY KEY AUTOINCREMENT NOT NULL, "email" varchar(255), "username" varchar(255), "created_at" datetime NOT NULL, "updated_at" datetime NOT NULL) [0m
  [1m[35m (0.1ms)[0m  INSERT INTO "schema_migrations" ("version") VALUES ('20120910074028')
  [1m[36m (0.6ms)[0m  [1mcommit transaction[0m
  [1m[35m (0.2ms)[0m  select sqlite_version(*)
  [1m[36m (0.1ms)[0m  [1mSELECT "schema_migrations"."version" FROM "schema_migrations" [0m
  [1m[35m (0.0ms)[0m  PRAGMA index_list("users")
Connecting to database specified by database.yml
Connecting to database specified by database.yml
Connecting to database specified by database.yml
Connecting to database specified by database.yml
Connecting to database specified by database.yml


Started GET "/assets/rails.png" for 127.0.0.1 at 2012-09-10 00:58:46 -0700
Served asset /rails.png - 200 OK (4ms)


Started GET "/assets/rails.png" for 127.0.0.1 at 2012-09-10 00:58:47 -0700
Served asset /rails.png - 304 Not Modified (0ms)


Started GET "/assets/rails.png" for 127.0.0.1 at 2012-09-10 00:58:49 -0700
Served asset /rails.png - 304 Not Modified (0ms)


Started GET "/assets/rails.png" for 127.0.0.1 at 2012-09-10 00:58:52 -0700
Served asset /rails.png - 304 Not Modified (0ms)


Started GET "/pages" for 127.0.0.1 at 2012-09-10 00:58:58 -0700
Processing by PagesController#index as HTML
  Rendered pages/index.html.erb within layouts/application (1.4ms)
Compiled pages.css  (4ms)  (pid 2099)
Compiled application.css  (11ms)  (pid 2099)
Compiled jquery.js  (21ms)  (pid 2099)
Compiled jquery_ujs.js  (0ms)  (pid 2099)
Compiled pages.js  (59ms)  (pid 2099)
Compiled application.js  (105ms)  (pid 2099)
Completed 200 OK in 211ms (Views: 210.3ms | ActiveRecord: 0.0ms)


Started GET "/assets/application.css?body=1" for 127.0.0.1 at 2012-09-10 00:58:59 -0700
Served asset /application.css - 304 Not Modified (2ms)


Started GET "/assets/pages.css?body=1" for 127.0.0.1 at 2012-09-10 00:58:59 -0700
Served asset /pages.css - 200 OK (2ms)


Started GET "/assets/pages.js?body=1" for 127.0.0.1 at 2012-09-10 00:58:59 -0700
Served asset /pages.js - 200 OK (3ms)


Started GET "/assets/jquery.js?body=1" for 127.0.0.1 at 2012-09-10 00:58:59 -0700
Served asset /jquery.js - 304 Not Modified (4ms)


Started GET "/assets/jquery_ujs.js?body=1" for 127.0.0.1 at 2012-09-10 00:58:59 -0700
Served asset /jquery_ujs.js - 304 Not Modified (2ms)


Started GET "/assets/application.js?body=1" for 127.0.0.1 at 2012-09-10 00:58:59 -0700
Served asset /application.js - 304 Not Modified (6ms)


Started GET "/assets/rails.png" for 127.0.0.1 at 2012-09-10 00:59:52 -0700
Served asset /rails.png - 304 Not Modified (0ms)
Connecting to database specified by database.yml


Started GET "/assets/rails.png" for 127.0.0.1 at 2012-09-10 01:00:09 -0700
Served asset /rails.png - 304 Not Modified (1ms)


Started GET "/assets/rails.png" for 127.0.0.1 at 2012-09-10 01:00:13 -0700
Served asset /rails.png - 304 Not Modified (0ms)


Started GET "/" for 127.0.0.1 at 2012-09-10 01:00:38 -0700
Processing by PagesController#index as HTML
  Rendered pages/index.html.erb within layouts/application (19.8ms)
Completed 200 OK in 40ms (Views: 39.3ms | ActiveRecord: 0.0ms)


Started GET "/assets/pages.css?body=1" for 127.0.0.1 at 2012-09-10 01:00:38 -0700
Served asset /pages.css - 200 OK (1ms)


Started GET "/assets/jquery.js?body=1" for 127.0.0.1 at 2012-09-10 01:00:38 -0700
Served asset /jquery.js - 200 OK (5ms)


Started GET "/assets/jquery_ujs.js?body=1" for 127.0.0.1 at 2012-09-10 01:00:38 -0700
Served asset /jquery_ujs.js - 200 OK (1ms)


Started GET "/assets/pages.js?body=1" for 127.0.0.1 at 2012-09-10 01:00:38 -0700
Served asset /pages.js - 200 OK (1ms)


Started GET "/assets/application.css?body=1" for 127.0.0.1 at 2012-09-10 01:00:38 -0700
Served asset /application.css - 200 OK (2ms)


Started GET "/assets/application.js?body=1" for 127.0.0.1 at 2012-09-10 01:00:38 -0700
Served asset /application.js - 200 OK (22ms)
Connecting to database specified by database.yml
Connecting to database specified by database.yml
Connecting to database specified by database.yml
  [1m[36m (0.1ms)[0m  [1mSELECT "schema_migrations"."version" FROM "schema_migrations" [0m
Migrating to CreateUsers (20120910074028)
Migrating to AddDeviseToUsers (20120910080338)
  [1m[35m (0.0ms)[0m  select sqlite_version(*)
  [1m[36m (0.0ms)[0m  [1mbegin transaction[0m
  [1m[35m (0.2ms)[0m  ALTER TABLE "users" ADD "email" varchar(255) DEFAULT '' NOT NULL
SQLite3::SQLException: duplicate column name: email: ALTER TABLE "users" ADD "email" varchar(255) DEFAULT '' NOT NULL
  [1m[36m (0.0ms)[0m  [1mrollback transaction[0m
Connecting to database specified by database.yml
  [1m[36m (0.1ms)[0m  [1mSELECT "schema_migrations"."version" FROM "schema_migrations" [0m
Migrating to CreateUsers (20120910074028)
Migrating to AddDeviseToUsers (20120910080338)
  [1m[35m (0.0ms)[0m  select sqlite_version(*)
  [1m[36m (0.0ms)[0m  [1mbegin transaction[0m
  [1m[35m (0.5ms)[0m  ALTER TABLE "users" ADD "encrypted_password" varchar(255) DEFAULT '' NOT NULL
  [1m[36m (0.1ms)[0m  [1mALTER TABLE "users" ADD "reset_password_token" varchar(255)[0m
  [1m[35m (0.1ms)[0m  ALTER TABLE "users" ADD "reset_password_sent_at" datetime
  [1m[36m (0.1ms)[0m  [1mALTER TABLE "users" ADD "remember_created_at" datetime[0m
  [1m[35m (0.1ms)[0m  ALTER TABLE "users" ADD "sign_in_count" integer DEFAULT 0
  [1m[36m (0.1ms)[0m  [1mALTER TABLE "users" ADD "current_sign_in_at" datetime[0m
  [1m[35m (0.1ms)[0m  ALTER TABLE "users" ADD "last_sign_in_at" datetime
  [1m[36m (0.1ms)[0m  [1mALTER TABLE "users" ADD "current_sign_in_ip" varchar(255)[0m
  [1m[35m (0.1ms)[0m  ALTER TABLE "users" ADD "last_sign_in_ip" varchar(255)
  [1m[36m (0.0ms)[0m  [1mPRAGMA index_list("users")[0m
  [1m[35m (0.3ms)[0m  CREATE UNIQUE INDEX "index_users_on_email" ON "users" ("email")
  [1m[36m (0.0ms)[0m  [1mPRAGMA index_list("users")[0m
  [1m[35m (0.0ms)[0m  PRAGMA index_info('index_users_on_email')
  [1m[36m (0.1ms)[0m  [1mCREATE UNIQUE INDEX "index_users_on_reset_password_token" ON "users" ("reset_password_token")[0m
  [1m[35m (0.1ms)[0m  INSERT INTO "schema_migrations" ("version") VALUES ('20120910080338')
  [1m[36m (0.8ms)[0m  [1mcommit transaction[0m
  [1m[35m (0.3ms)[0m  select sqlite_version(*)
  [1m[36m (0.1ms)[0m  [1mSELECT "schema_migrations"."version" FROM "schema_migrations" [0m
  [1m[35m (0.0ms)[0m  PRAGMA index_list("users")
  [1m[36m (0.0ms)[0m  [1mPRAGMA index_info('index_users_on_reset_password_token')[0m
  [1m[35m (0.0ms)[0m  PRAGMA index_info('index_users_on_email')
Connecting to database specified by database.yml


Started GET "/" for 127.0.0.1 at 2012-09-10 01:06:32 -0700
Processing by PagesController#index as HTML
  Rendered pages/index.html.erb within layouts/application (0.1ms)
Completed 200 OK in 6ms (Views: 5.6ms | ActiveRecord: 0.0ms)


Started GET "/assets/application.css?body=1" for 127.0.0.1 at 2012-09-10 01:06:33 -0700
Served asset /application.css - 304 Not Modified (0ms)


Started GET "/assets/jquery.js?body=1" for 127.0.0.1 at 2012-09-10 01:06:33 -0700
Served asset /jquery.js - 304 Not Modified (0ms)


Started GET "/assets/pages.css?body=1" for 127.0.0.1 at 2012-09-10 01:06:33 -0700
Served asset /pages.css - 304 Not Modified (0ms)


Started GET "/assets/jquery_ujs.js?body=1" for 127.0.0.1 at 2012-09-10 01:06:33 -0700
Served asset /jquery_ujs.js - 304 Not Modified (0ms)


Started GET "/assets/pages.js?body=1" for 127.0.0.1 at 2012-09-10 01:06:33 -0700
Served asset /pages.js - 304 Not Modified (0ms)


Started GET "/assets/application.js?body=1" for 127.0.0.1 at 2012-09-10 01:06:33 -0700
Served asset /application.js - 304 Not Modified (0ms)


Started GET "/" for 127.0.0.1 at 2012-09-10 01:06:43 -0700
Processing by PagesController#index as HTML
  Rendered pages/index.html.erb within layouts/application (0.0ms)
Completed 200 OK in 4ms (Views: 4.1ms | ActiveRecord: 0.0ms)


Started GET "/assets/application.css?body=1" for 127.0.0.1 at 2012-09-10 01:06:43 -0700
Served asset /application.css - 304 Not Modified (0ms)


Started GET "/assets/pages.css?body=1" for 127.0.0.1 at 2012-09-10 01:06:43 -0700
Served asset /pages.css - 304 Not Modified (0ms)


Started GET "/assets/jquery.js?body=1" for 127.0.0.1 at 2012-09-10 01:06:43 -0700
Served asset /jquery.js - 304 Not Modified (0ms)


Started GET "/assets/pages.js?body=1" for 127.0.0.1 at 2012-09-10 01:06:43 -0700
Served asset /pages.js - 304 Not Modified (0ms)


Started GET "/assets/jquery_ujs.js?body=1" for 127.0.0.1 at 2012-09-10 01:06:43 -0700
Served asset /jquery_ujs.js - 304 Not Modified (0ms)


Started GET "/assets/application.js?body=1" for 127.0.0.1 at 2012-09-10 01:06:43 -0700
Served asset /application.js - 304 Not Modified (0ms)


Started GET "/users/sign_up" for 127.0.0.1 at 2012-09-10 01:06:46 -0700
Processing by Devise::RegistrationsController#new as HTML
  Rendered /usr/local/rvm/gems/ruby-1.9.3-p194/gems/devise-2.1.2/app/views/devise/registrations/new.html.erb within layouts/application (9.0ms)
Completed 500 Internal Server Error in 72ms

ActionView::Template::Error (undefined method `registration_path' for #<#<Class:0x007fa8362126c8>:0x007fa83679dae8>):
    1: <h2>Sign up</h2>
    2: 
    3: <%= form_for(resource, :as => resource_name, :url => registration_path(resource_name)) do |f| %>
    4:   <%= devise_error_messages! %>
    5: 
    6:   <div><%= f.label :email %><br />
  devise (2.1.2) app/views/devise/registrations/new.html.erb:3:in `__usr_local_rvm_gems_ruby_______p____gems_devise_______app_views_devise_registrations_new_html_erb___3402039814446726312_70180219697580'
  actionpack (3.2.7) lib/action_view/template.rb:145:in `block in render'
  activesupport (3.2.7) lib/active_support/notifications.rb:125:in `instrument'
  actionpack (3.2.7) lib/action_view/template.rb:143:in `render'
  actionpack (3.2.7) lib/action_view/renderer/template_renderer.rb:47:in `block (2 levels) in render_template'
  actionpack (3.2.7) lib/action_view/renderer/abstract_renderer.rb:38:in `block in instrument'
  activesupport (3.2.7) lib/active_support/notifications.rb:123:in `block in instrument'
  activesupport (3.2.7) lib/active_support/notifications/instrumenter.rb:20:in `instrument'
  activesupport (3.2.7) lib/active_support/notifications.rb:123:in `instrument'
  actionpack (3.2.7) lib/action_view/renderer/abstract_renderer.rb:38:in `instrument'
  actionpack (3.2.7) lib/action_view/renderer/template_renderer.rb:46:in `block in render_template'
  actionpack (3.2.7) lib/action_view/renderer/template_renderer.rb:54:in `render_with_layout'
  actionpack (3.2.7) lib/action_view/renderer/template_renderer.rb:45:in `render_template'
  actionpack (3.2.7) lib/action_view/renderer/template_renderer.rb:18:in `render'
  actionpack (3.2.7) lib/action_view/renderer/renderer.rb:36:in `render_template'
  actionpack (3.2.7) lib/action_view/renderer/renderer.rb:17:in `render'
  actionpack (3.2.7) lib/abstract_controller/rendering.rb:110:in `_render_template'
  actionpack (3.2.7) lib/action_controller/metal/streaming.rb:225:in `_render_template'
  actionpack (3.2.7) lib/abstract_controller/rendering.rb:103:in `render_to_body'
  actionpack (3.2.7) lib/action_controller/metal/renderers.rb:28:in `render_to_body'
  actionpack (3.2.7) lib/action_controller/metal/compatibility.rb:50:in `render_to_body'
  actionpack (3.2.7) lib/abstract_controller/rendering.rb:88:in `render'
  actionpack (3.2.7) lib/action_controller/metal/rendering.rb:16:in `render'
  actionpack (3.2.7) lib/action_controller/metal/instrumentation.rb:40:in `block (2 levels) in render'
  activesupport (3.2.7) lib/active_support/core_ext/benchmark.rb:5:in `block in ms'
  /usr/local/rvm/rubies/ruby-1.9.3-p194/lib/ruby/1.9.1/benchmark.rb:295:in `realtime'
  activesupport (3.2.7) lib/active_support/core_ext/benchmark.rb:5:in `ms'
  actionpack (3.2.7) lib/action_controller/metal/instrumentation.rb:40:in `block in render'
  actionpack (3.2.7) lib/action_controller/metal/instrumentation.rb:83:in `cleanup_view_runtime'
  activerecord (3.2.7) lib/active_record/railties/controller_runtime.rb:24:in `cleanup_view_runtime'
  actionpack (3.2.7) lib/action_controller/metal/instrumentation.rb:39:in `render'
  actionpack (3.2.7) lib/action_controller/metal/implicit_render.rb:10:in `default_render'
  actionpack (3.2.7) lib/action_controller/metal/responder.rb:232:in `default_render'
  actionpack (3.2.7) lib/action_controller/metal/responder.rb:160:in `to_html'
  actionpack (3.2.7) lib/action_controller/metal/responder.rb:153:in `respond'
  actionpack (3.2.7) lib/action_controller/metal/responder.rb:146:in `call'
  actionpack (3.2.7) lib/action_controller/metal/mime_responds.rb:239:in `respond_with'
  devise (2.1.2) app/controllers/devise/registrations_controller.rb:8:in `new'
  actionpack (3.2.7) lib/action_controller/metal/implicit_render.rb:4:in `send_action'
  actionpack (3.2.7) lib/abstract_controller/base.rb:167:in `process_action'
  actionpack (3.2.7) lib/action_controller/metal/rendering.rb:10:in `process_action'
  actionpack (3.2.7) lib/abstract_controller/callbacks.rb:18:in `block in process_action'
  activesupport (3.2.7) lib/active_support/callbacks.rb:436:in `_run__2470509302563312433__process_action__1024496289028057416__callbacks'
  activesupport (3.2.7) lib/active_support/callbacks.rb:405:in `__run_callback'
  activesupport (3.2.7) lib/active_support/callbacks.rb:385:in `_run_process_action_callbacks'
  activesupport (3.2.7) lib/active_support/callbacks.rb:81:in `run_callbacks'
  actionpack (3.2.7) lib/abstract_controller/callbacks.rb:17:in `process_action'
  actionpack (3.2.7) lib/action_controller/metal/rescue.rb:29:in `process_action'
  actionpack (3.2.7) lib/action_controller/metal/instrumentation.rb:30:in `block in process_action'
  activesupport (3.2.7) lib/active_support/notifications.rb:123:in `block in instrument'
  activesupport (3.2.7) lib/active_support/notifications/instrumenter.rb:20:in `instrument'
  activesupport (3.2.7) lib/active_support/notifications.rb:123:in `instrument'
  actionpack (3.2.7) lib/action_controller/metal/instrumentation.rb:29:in `process_action'
  actionpack (3.2.7) lib/action_controller/metal/params_wrapper.rb:207:in `process_action'
  activerecord (3.2.7) lib/active_record/railties/controller_runtime.rb:18:in `process_action'
  actionpack (3.2.7) lib/abstract_controller/base.rb:121:in `process'
  actionpack (3.2.7) lib/abstract_controller/rendering.rb:45:in `process'
  actionpack (3.2.7) lib/action_controller/metal.rb:203:in `dispatch'
  actionpack (3.2.7) lib/action_controller/metal/rack_delegation.rb:14:in `dispatch'
  actionpack (3.2.7) lib/action_controller/metal.rb:246:in `block in action'
  actionpack (3.2.7) lib/action_dispatch/routing/route_set.rb:73:in `call'
  actionpack (3.2.7) lib/action_dispatch/routing/route_set.rb:73:in `dispatch'
  actionpack (3.2.7) lib/action_dispatch/routing/route_set.rb:36:in `call'
  actionpack (3.2.7) lib/action_dispatch/routing/mapper.rb:42:in `call'
  journey (1.0.4) lib/journey/router.rb:68:in `block in call'
  journey (1.0.4) lib/journey/router.rb:56:in `each'
  journey (1.0.4) lib/journey/router.rb:56:in `call'
  actionpack (3.2.7) lib/action_dispatch/routing/route_set.rb:600:in `call'
  warden (1.2.1) lib/warden/manager.rb:35:in `block in call'
  warden (1.2.1) lib/warden/manager.rb:34:in `catch'
  warden (1.2.1) lib/warden/manager.rb:34:in `call'
  actionpack (3.2.7) lib/action_dispatch/middleware/best_standards_support.rb:17:in `call'
  rack (1.4.1) lib/rack/etag.rb:23:in `call'
  rack (1.4.1) lib/rack/conditionalget.rb:25:in `call'
  actionpack (3.2.7) lib/action_dispatch/middleware/head.rb:14:in `call'
  actionpack (3.2.7) lib/action_dispatch/middleware/params_parser.rb:21:in `call'
  actionpack (3.2.7) lib/action_dispatch/middleware/flash.rb:242:in `call'
  rack (1.4.1) lib/rack/session/abstract/id.rb:205:in `context'
  rack (1.4.1) lib/rack/session/abstract/id.rb:200:in `call'
  actionpack (3.2.7) lib/action_dispatch/middleware/cookies.rb:338:in `call'
  activerecord (3.2.7) lib/active_record/query_cache.rb:64:in `call'
  activerecord (3.2.7) lib/active_record/connection_adapters/abstract/connection_pool.rb:473:in `call'
  actionpack (3.2.7) lib/action_dispatch/middleware/callbacks.rb:28:in `block in call'
  activesupport (3.2.7) lib/active_support/callbacks.rb:405:in `_run__1162612986678444924__call__38684942905737491__callbacks'
  activesupport (3.2.7) lib/active_support/callbacks.rb:405:in `__run_callback'
  activesupport (3.2.7) lib/active_support/callbacks.rb:385:in `_run_call_callbacks'
  activesupport (3.2.7) lib/active_support/callbacks.rb:81:in `run_callbacks'
  actionpack (3.2.7) lib/action_dispatch/middleware/callbacks.rb:27:in `call'
  actionpack (3.2.7) lib/action_dispatch/middleware/reloader.rb:65:in `call'
  actionpack (3.2.7) lib/action_dispatch/middleware/remote_ip.rb:31:in `call'
  actionpack (3.2.7) lib/action_dispatch/middleware/debug_exceptions.rb:16:in `call'
  actionpack (3.2.7) lib/action_dispatch/middleware/show_exceptions.rb:56:in `call'
  railties (3.2.7) lib/rails/rack/logger.rb:26:in `call_app'
  railties (3.2.7) lib/rails/rack/logger.rb:16:in `call'
  actionpack (3.2.7) lib/action_dispatch/middleware/request_id.rb:22:in `call'
  rack (1.4.1) lib/rack/methodoverride.rb:21:in `call'
  rack (1.4.1) lib/rack/runtime.rb:17:in `call'
  activesupport (3.2.7) lib/active_support/cache/strategy/local_cache.rb:72:in `call'
  rack (1.4.1) lib/rack/lock.rb:15:in `call'
  actionpack (3.2.7) lib/action_dispatch/middleware/static.rb:62:in `call'
  railties (3.2.7) lib/rails/engine.rb:479:in `call'
  railties (3.2.7) lib/rails/application.rb:220:in `call'
  rack (1.4.1) lib/rack/content_length.rb:14:in `call'
  railties (3.2.7) lib/rails/rack/log_tailer.rb:17:in `call'
  rack (1.4.1) lib/rack/handler/webrick.rb:59:in `service'
  /usr/local/rvm/rubies/ruby-1.9.3-p194/lib/ruby/1.9.1/webrick/httpserver.rb:138:in `service'
  /usr/local/rvm/rubies/ruby-1.9.3-p194/lib/ruby/1.9.1/webrick/httpserver.rb:94:in `run'
  /usr/local/rvm/rubies/ruby-1.9.3-p194/lib/ruby/1.9.1/webrick/server.rb:191:in `block in start_thread'


  Rendered /usr/local/rvm/gems/ruby-1.9.3-p194/gems/actionpack-3.2.7/lib/action_dispatch/middleware/templates/rescues/_trace.erb (3.2ms)
  Rendered /usr/local/rvm/gems/ruby-1.9.3-p194/gems/actionpack-3.2.7/lib/action_dispatch/middleware/templates/rescues/_request_and_response.erb (0.9ms)
  Rendered /usr/local/rvm/gems/ruby-1.9.3-p194/gems/actionpack-3.2.7/lib/action_dispatch/middleware/templates/rescues/template_error.erb within rescues/layout (9.8ms)


Started GET "/" for 127.0.0.1 at 2012-09-10 01:07:34 -0700
Processing by PagesController#index as HTML
  Rendered pages/index.html.erb within layouts/application (0.0ms)
Completed 200 OK in 4ms (Views: 3.9ms | ActiveRecord: 0.0ms)


Started GET "/assets/application.css?body=1" for 127.0.0.1 at 2012-09-10 01:07:34 -0700
Served asset /application.css - 304 Not Modified (0ms)


Started GET "/assets/pages.css?body=1" for 127.0.0.1 at 2012-09-10 01:07:34 -0700
Served asset /pages.css - 304 Not Modified (0ms)


Started GET "/assets/jquery_ujs.js?body=1" for 127.0.0.1 at 2012-09-10 01:07:34 -0700
Served asset /jquery_ujs.js - 304 Not Modified (0ms)


Started GET "/assets/jquery.js?body=1" for 127.0.0.1 at 2012-09-10 01:07:34 -0700
Served asset /jquery.js - 304 Not Modified (0ms)


Started GET "/assets/pages.js?body=1" for 127.0.0.1 at 2012-09-10 01:07:34 -0700
Served asset /pages.js - 304 Not Modified (0ms)


Started GET "/assets/application.js?body=1" for 127.0.0.1 at 2012-09-10 01:07:34 -0700
Served asset /application.js - 304 Not Modified (20ms)
Connecting to database specified by database.yml


Started GET "/users/sign_up" for 127.0.0.1 at 2012-09-10 01:10:32 -0700
Processing by Devise::RegistrationsController#new as HTML
  Rendered /usr/local/rvm/gems/ruby-1.9.3-p194/gems/devise-2.1.2/app/views/devise/shared/_links.erb (1.4ms)
  Rendered /usr/local/rvm/gems/ruby-1.9.3-p194/gems/devise-2.1.2/app/views/devise/registrations/new.html.erb within layouts/application (30.8ms)
Completed 200 OK in 97ms (Views: 51.6ms | ActiveRecord: 1.5ms)


Started GET "/assets/application.css?body=1" for 127.0.0.1 at 2012-09-10 01:10:32 -0700
Served asset /application.css - 304 Not Modified (5ms)


Started GET "/assets/pages.css?body=1" for 127.0.0.1 at 2012-09-10 01:10:32 -0700
Served asset /pages.css - 304 Not Modified (3ms)


Started GET "/assets/jquery_ujs.js?body=1" for 127.0.0.1 at 2012-09-10 01:10:32 -0700
Served asset /jquery_ujs.js - 304 Not Modified (3ms)


Started GET "/assets/pages.js?body=1" for 127.0.0.1 at 2012-09-10 01:10:32 -0700
Served asset /pages.js - 304 Not Modified (1ms)


Started GET "/assets/application.js?body=1" for 127.0.0.1 at 2012-09-10 01:10:32 -0700
Served asset /application.js - 304 Not Modified (3ms)


Started GET "/assets/jquery.js?body=1" for 127.0.0.1 at 2012-09-10 01:10:32 -0700
Served asset /jquery.js - 304 Not Modified (2ms)


Started POST "/users" for 127.0.0.1 at 2012-09-10 01:10:43 -0700
Processing by Devise::RegistrationsController#create as HTML
  Parameters: {"utf8"=>"✓", "authenticity_token"=>"7muxNlNRnekxcy+f6ahf4WoJo/0eM8XmNpg4BKSb7jw=", "user"=>{"email"=>"me@benigeri.com", "password"=>"[FILTERED]", "password_confirmation"=>"[FILTERED]"}, "commit"=>"Sign up"}
  [1m[36m (0.1ms)[0m  [1mbegin transaction[0m
  [1m[35mUser Exists (0.2ms)[0m  SELECT 1 AS one FROM "users" WHERE "users"."email" = 'me@benigeri.com' LIMIT 1
Binary data inserted for `string` type on column `encrypted_password`
  [1m[36mSQL (1.3ms)[0m  [1mINSERT INTO "users" ("created_at", "current_sign_in_at", "current_sign_in_ip", "email", "encrypted_password", "last_sign_in_at", "last_sign_in_ip", "remember_created_at", "reset_password_sent_at", "reset_password_token", "sign_in_count", "updated_at", "username") VALUES (?, ?, ?, ?, ?, ?, ?, ?, ?, ?, ?, ?, ?)[0m  [["created_at", Mon, 10 Sep 2012 08:10:44 UTC +00:00], ["current_sign_in_at", nil], ["current_sign_in_ip", nil], ["email", "me@benigeri.com"], ["encrypted_password", "$2a$10$DNyshdPyk34ND9TPCNoVaeKj9UQP3ifXMnOXrFS9WKZhceP/Dv2Je"], ["last_sign_in_at", nil], ["last_sign_in_ip", nil], ["remember_created_at", nil], ["reset_password_sent_at", nil], ["reset_password_token", nil], ["sign_in_count", 0], ["updated_at", Mon, 10 Sep 2012 08:10:44 UTC +00:00], ["username", nil]]
  [1m[35m (0.6ms)[0m  commit transaction
  [1m[36m (0.0ms)[0m  [1mbegin transaction[0m
  [1m[35m (0.3ms)[0m  UPDATE "users" SET "last_sign_in_at" = '2012-09-10 08:10:44.056222', "current_sign_in_at" = '2012-09-10 08:10:44.056222', "last_sign_in_ip" = '127.0.0.1', "current_sign_in_ip" = '127.0.0.1', "sign_in_count" = 1, "updated_at" = '2012-09-10 08:10:44.056795' WHERE "users"."id" = 3
  [1m[36m (0.4ms)[0m  [1mcommit transaction[0m
Redirected to http://localhost:3000/
Completed 302 Found in 151ms (ActiveRecord: 0.0ms)


Started GET "/" for 127.0.0.1 at 2012-09-10 01:10:44 -0700
Processing by PagesController#index as HTML
  Rendered pages/index.html.erb within layouts/application (0.3ms)
Completed 200 OK in 5ms (Views: 4.4ms | ActiveRecord: 0.0ms)


Started GET "/assets/application.css?body=1" for 127.0.0.1 at 2012-09-10 01:10:44 -0700
Served asset /application.css - 304 Not Modified (0ms)


Started GET "/assets/pages.css?body=1" for 127.0.0.1 at 2012-09-10 01:10:44 -0700
Served asset /pages.css - 304 Not Modified (0ms)


Started GET "/assets/jquery.js?body=1" for 127.0.0.1 at 2012-09-10 01:10:44 -0700
Served asset /jquery.js - 304 Not Modified (0ms)


Started GET "/assets/pages.js?body=1" for 127.0.0.1 at 2012-09-10 01:10:44 -0700
Served asset /pages.js - 304 Not Modified (0ms)


Started GET "/assets/jquery_ujs.js?body=1" for 127.0.0.1 at 2012-09-10 01:10:44 -0700
Served asset /jquery_ujs.js - 304 Not Modified (0ms)


Started GET "/assets/application.js?body=1" for 127.0.0.1 at 2012-09-10 01:10:44 -0700
Served asset /application.js - 304 Not Modified (0ms)


Started GET "/" for 127.0.0.1 at 2012-09-10 01:18:10 -0700
Processing by PagesController#index as HTML
  Rendered pages/index.html.erb within layouts/application (0.0ms)
  [1m[35mUser Load (0.2ms)[0m  SELECT "users".* FROM "users" WHERE "users"."id" = 3 LIMIT 1
Completed 500 Internal Server Error in 12ms

ActionView::Template::Error (wrong number of arguments (0 for 1)):
    13: 
    14: <%# user is logged in, show log out link %>
    15: <% if current_user.present? %>
    16:   <%= link_to 'Sign out', destroy_session_path, :method => :delete %>
    17: <%# user is not logged in, show sign up and longin links %>
    18: <% else %>
    19:   <%= link_to 'Sign in', new_user_session_path %>
  app/views/layouts/application.html.erb:16:in `_app_views_layouts_application_html_erb__3542515830857425834_70125390289180'


  Rendered /usr/local/rvm/gems/ruby-1.9.3-p194/gems/actionpack-3.2.7/lib/action_dispatch/middleware/templates/rescues/_trace.erb (21.8ms)
  Rendered /usr/local/rvm/gems/ruby-1.9.3-p194/gems/actionpack-3.2.7/lib/action_dispatch/middleware/templates/rescues/_request_and_response.erb (0.9ms)
  Rendered /usr/local/rvm/gems/ruby-1.9.3-p194/gems/actionpack-3.2.7/lib/action_dispatch/middleware/templates/rescues/template_error.erb within rescues/layout (28.2ms)


Started GET "/" for 127.0.0.1 at 2012-09-10 01:18:28 -0700
Processing by PagesController#index as HTML
  Rendered pages/index.html.erb within layouts/application (0.0ms)
ERROR: compiling _app_views_layouts_application_html_erb__3542515830857425834_70125387401980 RAISED /Users/benigeri/Sites/frameworkz/app/views/layouts/application.html.erb:16: syntax error, unexpected tSYMBEG, expecting keyword_do or '{' or '('
...gn out', destroy_session_path :method => :delete );@output_b...
...                               ^
Function body:           def _app_views_layouts_application_html_erb__3542515830857425834_70125387401980(local_assigns, output_buffer)
            _old_virtual_path, @virtual_path = @virtual_path, "layouts/application";_old_output_buffer = @output_buffer;;@output_buffer = output_buffer || ActionView::OutputBuffer.new;@output_buffer.safe_concat('<!DOCTYPE html>
<html>
<head>
  <title>Frameworkz</title>
  ');@output_buffer.append= ( stylesheet_link_tag    "application", :media => "all" );@output_buffer.safe_concat('
');@output_buffer.safe_concat('  ');@output_buffer.append= ( javascript_include_tag "application" );@output_buffer.safe_concat('
');@output_buffer.safe_concat('  ');@output_buffer.append= ( csrf_meta_tags );@output_buffer.safe_concat('
');@output_buffer.safe_concat('</head>
<body>

<p class="notice">');@output_buffer.append= ( notice );@output_buffer.safe_concat('</p>
<p class="alert">');@output_buffer.append= ( alert );@output_buffer.safe_concat('</p>

');
 if current_user.present? 
@output_buffer.safe_concat('  ');@output_buffer.append= ( link_to 'Sign out', destroy_session_path :method => :delete );@output_buffer.safe_concat('
');
 else 
@output_buffer.safe_concat('  ');@output_buffer.append= ( link_to 'Sign in', new_user_session_path );@output_buffer.safe_concat('
');@output_buffer.safe_concat('  ');@output_buffer.append= ( link_to 'Register now!', new_user_registration_path );@output_buffer.safe_concat('
'); end 
@output_buffer.append= ( yield );@output_buffer.safe_concat('
');@output_buffer.safe_concat('
</body>
</html>
');@output_buffer.to_s
          ensure
            @virtual_path, @output_buffer = _old_virtual_path, _old_output_buffer
          end

Backtrace: /usr/local/rvm/gems/ruby-1.9.3-p194/gems/actionpack-3.2.7/lib/action_view/template.rb:297:in `module_eval'
/usr/local/rvm/gems/ruby-1.9.3-p194/gems/actionpack-3.2.7/lib/action_view/template.rb:297:in `compile'
/usr/local/rvm/gems/ruby-1.9.3-p194/gems/actionpack-3.2.7/lib/action_view/template.rb:244:in `block in compile!'
<internal:prelude>:10:in `synchronize'
/usr/local/rvm/gems/ruby-1.9.3-p194/gems/actionpack-3.2.7/lib/action_view/template.rb:232:in `compile!'
/usr/local/rvm/gems/ruby-1.9.3-p194/gems/actionpack-3.2.7/lib/action_view/template.rb:144:in `block in render'
/usr/local/rvm/gems/ruby-1.9.3-p194/gems/activesupport-3.2.7/lib/active_support/notifications.rb:125:in `instrument'
/usr/local/rvm/gems/ruby-1.9.3-p194/gems/actionpack-3.2.7/lib/action_view/template.rb:143:in `render'
/usr/local/rvm/gems/ruby-1.9.3-p194/gems/actionpack-3.2.7/lib/action_view/renderer/template_renderer.rb:59:in `render_with_layout'
/usr/local/rvm/gems/ruby-1.9.3-p194/gems/actionpack-3.2.7/lib/action_view/renderer/template_renderer.rb:45:in `render_template'
/usr/local/rvm/gems/ruby-1.9.3-p194/gems/actionpack-3.2.7/lib/action_view/renderer/template_renderer.rb:18:in `render'
/usr/local/rvm/gems/ruby-1.9.3-p194/gems/actionpack-3.2.7/lib/action_view/renderer/renderer.rb:36:in `render_template'
/usr/local/rvm/gems/ruby-1.9.3-p194/gems/actionpack-3.2.7/lib/action_view/renderer/renderer.rb:17:in `render'
/usr/local/rvm/gems/ruby-1.9.3-p194/gems/actionpack-3.2.7/lib/abstract_controller/rendering.rb:110:in `_render_template'
/usr/local/rvm/gems/ruby-1.9.3-p194/gems/actionpack-3.2.7/lib/action_controller/metal/streaming.rb:225:in `_render_template'
/usr/local/rvm/gems/ruby-1.9.3-p194/gems/actionpack-3.2.7/lib/abstract_controller/rendering.rb:103:in `render_to_body'
/usr/local/rvm/gems/ruby-1.9.3-p194/gems/actionpack-3.2.7/lib/action_controller/metal/renderers.rb:28:in `render_to_body'
/usr/local/rvm/gems/ruby-1.9.3-p194/gems/actionpack-3.2.7/lib/action_controller/metal/compatibility.rb:50:in `render_to_body'
/usr/local/rvm/gems/ruby-1.9.3-p194/gems/actionpack-3.2.7/lib/abstract_controller/rendering.rb:88:in `render'
/usr/local/rvm/gems/ruby-1.9.3-p194/gems/actionpack-3.2.7/lib/action_controller/metal/rendering.rb:16:in `render'
/usr/local/rvm/gems/ruby-1.9.3-p194/gems/actionpack-3.2.7/lib/action_controller/metal/instrumentation.rb:40:in `block (2 levels) in render'
/usr/local/rvm/gems/ruby-1.9.3-p194/gems/activesupport-3.2.7/lib/active_support/core_ext/benchmark.rb:5:in `block in ms'
/usr/local/rvm/rubies/ruby-1.9.3-p194/lib/ruby/1.9.1/benchmark.rb:295:in `realtime'
/usr/local/rvm/gems/ruby-1.9.3-p194/gems/activesupport-3.2.7/lib/active_support/core_ext/benchmark.rb:5:in `ms'
/usr/local/rvm/gems/ruby-1.9.3-p194/gems/actionpack-3.2.7/lib/action_controller/metal/instrumentation.rb:40:in `block in render'
/usr/local/rvm/gems/ruby-1.9.3-p194/gems/actionpack-3.2.7/lib/action_controller/metal/instrumentation.rb:83:in `cleanup_view_runtime'
/usr/local/rvm/gems/ruby-1.9.3-p194/gems/activerecord-3.2.7/lib/active_record/railties/controller_runtime.rb:24:in `cleanup_view_runtime'
/usr/local/rvm/gems/ruby-1.9.3-p194/gems/actionpack-3.2.7/lib/action_controller/metal/instrumentation.rb:39:in `render'
/usr/local/rvm/gems/ruby-1.9.3-p194/gems/actionpack-3.2.7/lib/action_controller/metal/implicit_render.rb:10:in `default_render'
/usr/local/rvm/gems/ruby-1.9.3-p194/gems/actionpack-3.2.7/lib/action_controller/metal/implicit_render.rb:5:in `send_action'
/usr/local/rvm/gems/ruby-1.9.3-p194/gems/actionpack-3.2.7/lib/abstract_controller/base.rb:167:in `process_action'
/usr/local/rvm/gems/ruby-1.9.3-p194/gems/actionpack-3.2.7/lib/action_controller/metal/rendering.rb:10:in `process_action'
/usr/local/rvm/gems/ruby-1.9.3-p194/gems/actionpack-3.2.7/lib/abstract_controller/callbacks.rb:18:in `block in process_action'
/usr/local/rvm/gems/ruby-1.9.3-p194/gems/activesupport-3.2.7/lib/active_support/callbacks.rb:414:in `_run__236320447603305458__process_action__3240724209044620185__callbacks'
/usr/local/rvm/gems/ruby-1.9.3-p194/gems/activesupport-3.2.7/lib/active_support/callbacks.rb:405:in `__run_callback'
/usr/local/rvm/gems/ruby-1.9.3-p194/gems/activesupport-3.2.7/lib/active_support/callbacks.rb:385:in `_run_process_action_callbacks'
/usr/local/rvm/gems/ruby-1.9.3-p194/gems/activesupport-3.2.7/lib/active_support/callbacks.rb:81:in `run_callbacks'
/usr/local/rvm/gems/ruby-1.9.3-p194/gems/actionpack-3.2.7/lib/abstract_controller/callbacks.rb:17:in `process_action'
/usr/local/rvm/gems/ruby-1.9.3-p194/gems/actionpack-3.2.7/lib/action_controller/metal/rescue.rb:29:in `process_action'
/usr/local/rvm/gems/ruby-1.9.3-p194/gems/actionpack-3.2.7/lib/action_controller/metal/instrumentation.rb:30:in `block in process_action'
/usr/local/rvm/gems/ruby-1.9.3-p194/gems/activesupport-3.2.7/lib/active_support/notifications.rb:123:in `block in instrument'
/usr/local/rvm/gems/ruby-1.9.3-p194/gems/activesupport-3.2.7/lib/active_support/notifications/instrumenter.rb:20:in `instrument'
/usr/local/rvm/gems/ruby-1.9.3-p194/gems/activesupport-3.2.7/lib/active_support/notifications.rb:123:in `instrument'
/usr/local/rvm/gems/ruby-1.9.3-p194/gems/actionpack-3.2.7/lib/action_controller/metal/instrumentation.rb:29:in `process_action'
/usr/local/rvm/gems/ruby-1.9.3-p194/gems/actionpack-3.2.7/lib/action_controller/metal/params_wrapper.rb:207:in `process_action'
/usr/local/rvm/gems/ruby-1.9.3-p194/gems/activerecord-3.2.7/lib/active_record/railties/controller_runtime.rb:18:in `process_action'
/usr/local/rvm/gems/ruby-1.9.3-p194/gems/actionpack-3.2.7/lib/abstract_controller/base.rb:121:in `process'
/usr/local/rvm/gems/ruby-1.9.3-p194/gems/actionpack-3.2.7/lib/abstract_controller/rendering.rb:45:in `process'
/usr/local/rvm/gems/ruby-1.9.3-p194/gems/actionpack-3.2.7/lib/action_controller/metal.rb:203:in `dispatch'
/usr/local/rvm/gems/ruby-1.9.3-p194/gems/actionpack-3.2.7/lib/action_controller/metal/rack_delegation.rb:14:in `dispatch'
/usr/local/rvm/gems/ruby-1.9.3-p194/gems/actionpack-3.2.7/lib/action_controller/metal.rb:246:in `block in action'
/usr/local/rvm/gems/ruby-1.9.3-p194/gems/actionpack-3.2.7/lib/action_dispatch/routing/route_set.rb:73:in `call'
/usr/local/rvm/gems/ruby-1.9.3-p194/gems/actionpack-3.2.7/lib/action_dispatch/routing/route_set.rb:73:in `dispatch'
/usr/local/rvm/gems/ruby-1.9.3-p194/gems/actionpack-3.2.7/lib/action_dispatch/routing/route_set.rb:36:in `call'
/usr/local/rvm/gems/ruby-1.9.3-p194/gems/journey-1.0.4/lib/journey/router.rb:68:in `block in call'
/usr/local/rvm/gems/ruby-1.9.3-p194/gems/journey-1.0.4/lib/journey/router.rb:56:in `each'
/usr/local/rvm/gems/ruby-1.9.3-p194/gems/journey-1.0.4/lib/journey/router.rb:56:in `call'
/usr/local/rvm/gems/ruby-1.9.3-p194/gems/actionpack-3.2.7/lib/action_dispatch/routing/route_set.rb:600:in `call'
/usr/local/rvm/gems/ruby-1.9.3-p194/gems/warden-1.2.1/lib/warden/manager.rb:35:in `block in call'
/usr/local/rvm/gems/ruby-1.9.3-p194/gems/warden-1.2.1/lib/warden/manager.rb:34:in `catch'
/usr/local/rvm/gems/ruby-1.9.3-p194/gems/warden-1.2.1/lib/warden/manager.rb:34:in `call'
/usr/local/rvm/gems/ruby-1.9.3-p194/gems/actionpack-3.2.7/lib/action_dispatch/middleware/best_standards_support.rb:17:in `call'
/usr/local/rvm/gems/ruby-1.9.3-p194/gems/rack-1.4.1/lib/rack/etag.rb:23:in `call'
/usr/local/rvm/gems/ruby-1.9.3-p194/gems/rack-1.4.1/lib/rack/conditionalget.rb:25:in `call'
/usr/local/rvm/gems/ruby-1.9.3-p194/gems/actionpack-3.2.7/lib/action_dispatch/middleware/head.rb:14:in `call'
/usr/local/rvm/gems/ruby-1.9.3-p194/gems/actionpack-3.2.7/lib/action_dispatch/middleware/params_parser.rb:21:in `call'
/usr/local/rvm/gems/ruby-1.9.3-p194/gems/actionpack-3.2.7/lib/action_dispatch/middleware/flash.rb:242:in `call'
/usr/local/rvm/gems/ruby-1.9.3-p194/gems/rack-1.4.1/lib/rack/session/abstract/id.rb:205:in `context'
/usr/local/rvm/gems/ruby-1.9.3-p194/gems/rack-1.4.1/lib/rack/session/abstract/id.rb:200:in `call'
/usr/local/rvm/gems/ruby-1.9.3-p194/gems/actionpack-3.2.7/lib/action_dispatch/middleware/cookies.rb:338:in `call'
/usr/local/rvm/gems/ruby-1.9.3-p194/gems/activerecord-3.2.7/lib/active_record/query_cache.rb:64:in `call'
/usr/local/rvm/gems/ruby-1.9.3-p194/gems/activerecord-3.2.7/lib/active_record/connection_adapters/abstract/connection_pool.rb:473:in `call'
/usr/local/rvm/gems/ruby-1.9.3-p194/gems/actionpack-3.2.7/lib/action_dispatch/middleware/callbacks.rb:28:in `block in call'
/usr/local/rvm/gems/ruby-1.9.3-p194/gems/activesupport-3.2.7/lib/active_support/callbacks.rb:405:in `_run__3200049778102862057__call__3678136272325651213__callbacks'
/usr/local/rvm/gems/ruby-1.9.3-p194/gems/activesupport-3.2.7/lib/active_support/callbacks.rb:405:in `__run_callback'
/usr/local/rvm/gems/ruby-1.9.3-p194/gems/activesupport-3.2.7/lib/active_support/callbacks.rb:385:in `_run_call_callbacks'
/usr/local/rvm/gems/ruby-1.9.3-p194/gems/activesupport-3.2.7/lib/active_support/callbacks.rb:81:in `run_callbacks'
/usr/local/rvm/gems/ruby-1.9.3-p194/gems/actionpack-3.2.7/lib/action_dispatch/middleware/callbacks.rb:27:in `call'
/usr/local/rvm/gems/ruby-1.9.3-p194/gems/actionpack-3.2.7/lib/action_dispatch/middleware/reloader.rb:65:in `call'
/usr/local/rvm/gems/ruby-1.9.3-p194/gems/actionpack-3.2.7/lib/action_dispatch/middleware/remote_ip.rb:31:in `call'
/usr/local/rvm/gems/ruby-1.9.3-p194/gems/actionpack-3.2.7/lib/action_dispatch/middleware/debug_exceptions.rb:16:in `call'
/usr/local/rvm/gems/ruby-1.9.3-p194/gems/actionpack-3.2.7/lib/action_dispatch/middleware/show_exceptions.rb:56:in `call'
/usr/local/rvm/gems/ruby-1.9.3-p194/gems/railties-3.2.7/lib/rails/rack/logger.rb:26:in `call_app'
/usr/local/rvm/gems/ruby-1.9.3-p194/gems/railties-3.2.7/lib/rails/rack/logger.rb:16:in `call'
/usr/local/rvm/gems/ruby-1.9.3-p194/gems/actionpack-3.2.7/lib/action_dispatch/middleware/request_id.rb:22:in `call'
/usr/local/rvm/gems/ruby-1.9.3-p194/gems/rack-1.4.1/lib/rack/methodoverride.rb:21:in `call'
/usr/local/rvm/gems/ruby-1.9.3-p194/gems/rack-1.4.1/lib/rack/runtime.rb:17:in `call'
/usr/local/rvm/gems/ruby-1.9.3-p194/gems/activesupport-3.2.7/lib/active_support/cache/strategy/local_cache.rb:72:in `call'
/usr/local/rvm/gems/ruby-1.9.3-p194/gems/rack-1.4.1/lib/rack/lock.rb:15:in `call'
/usr/local/rvm/gems/ruby-1.9.3-p194/gems/actionpack-3.2.7/lib/action_dispatch/middleware/static.rb:62:in `call'
/usr/local/rvm/gems/ruby-1.9.3-p194/gems/railties-3.2.7/lib/rails/engine.rb:479:in `call'
/usr/local/rvm/gems/ruby-1.9.3-p194/gems/railties-3.2.7/lib/rails/application.rb:220:in `call'
/usr/local/rvm/gems/ruby-1.9.3-p194/gems/rack-1.4.1/lib/rack/content_length.rb:14:in `call'
/usr/local/rvm/gems/ruby-1.9.3-p194/gems/railties-3.2.7/lib/rails/rack/log_tailer.rb:17:in `call'
/usr/local/rvm/gems/ruby-1.9.3-p194/gems/rack-1.4.1/lib/rack/handler/webrick.rb:59:in `service'
/usr/local/rvm/rubies/ruby-1.9.3-p194/lib/ruby/1.9.1/webrick/httpserver.rb:138:in `service'
/usr/local/rvm/rubies/ruby-1.9.3-p194/lib/ruby/1.9.1/webrick/httpserver.rb:94:in `run'
/usr/local/rvm/rubies/ruby-1.9.3-p194/lib/ruby/1.9.1/webrick/server.rb:191:in `block in start_thread'
Completed 500 Internal Server Error in 2ms

ActionView::Template::Error (/Users/benigeri/Sites/frameworkz/app/views/layouts/application.html.erb:16: syntax error, unexpected tSYMBEG, expecting keyword_do or '{' or '('
...gn out', destroy_session_path :method => :delete );@output_b...
...                               ^):
    13: 
    14: <%# user is logged in, show log out link %>
    15: <% if current_user.present? %>
    16:   <%= link_to 'Sign out', destroy_session_path :method => :delete %>
    17: <%# user is not logged in, show sign up and longin links %>
    18: <% else %>
    19:   <%= link_to 'Sign in', new_user_session_path %>
  actionpack (3.2.7) lib/action_view/template.rb:297:in `module_eval'
  actionpack (3.2.7) lib/action_view/template.rb:297:in `compile'
  actionpack (3.2.7) lib/action_view/template.rb:244:in `block in compile!'
  <internal:prelude>:10:in `synchronize'
  actionpack (3.2.7) lib/action_view/template.rb:232:in `compile!'
  actionpack (3.2.7) lib/action_view/template.rb:144:in `block in render'
  activesupport (3.2.7) lib/active_support/notifications.rb:125:in `instrument'
  actionpack (3.2.7) lib/action_view/template.rb:143:in `render'
  actionpack (3.2.7) lib/action_view/renderer/template_renderer.rb:59:in `render_with_layout'
  actionpack (3.2.7) lib/action_view/renderer/template_renderer.rb:45:in `render_template'
  actionpack (3.2.7) lib/action_view/renderer/template_renderer.rb:18:in `render'
  actionpack (3.2.7) lib/action_view/renderer/renderer.rb:36:in `render_template'
  actionpack (3.2.7) lib/action_view/renderer/renderer.rb:17:in `render'
  actionpack (3.2.7) lib/abstract_controller/rendering.rb:110:in `_render_template'
  actionpack (3.2.7) lib/action_controller/metal/streaming.rb:225:in `_render_template'
  actionpack (3.2.7) lib/abstract_controller/rendering.rb:103:in `render_to_body'
  actionpack (3.2.7) lib/action_controller/metal/renderers.rb:28:in `render_to_body'
  actionpack (3.2.7) lib/action_controller/metal/compatibility.rb:50:in `render_to_body'
  actionpack (3.2.7) lib/abstract_controller/rendering.rb:88:in `render'
  actionpack (3.2.7) lib/action_controller/metal/rendering.rb:16:in `render'
  actionpack (3.2.7) lib/action_controller/metal/instrumentation.rb:40:in `block (2 levels) in render'
  activesupport (3.2.7) lib/active_support/core_ext/benchmark.rb:5:in `block in ms'
  /usr/local/rvm/rubies/ruby-1.9.3-p194/lib/ruby/1.9.1/benchmark.rb:295:in `realtime'
  activesupport (3.2.7) lib/active_support/core_ext/benchmark.rb:5:in `ms'
  actionpack (3.2.7) lib/action_controller/metal/instrumentation.rb:40:in `block in render'
  actionpack (3.2.7) lib/action_controller/metal/instrumentation.rb:83:in `cleanup_view_runtime'
  activerecord (3.2.7) lib/active_record/railties/controller_runtime.rb:24:in `cleanup_view_runtime'
  actionpack (3.2.7) lib/action_controller/metal/instrumentation.rb:39:in `render'
  actionpack (3.2.7) lib/action_controller/metal/implicit_render.rb:10:in `default_render'
  actionpack (3.2.7) lib/action_controller/metal/implicit_render.rb:5:in `send_action'
  actionpack (3.2.7) lib/abstract_controller/base.rb:167:in `process_action'
  actionpack (3.2.7) lib/action_controller/metal/rendering.rb:10:in `process_action'
  actionpack (3.2.7) lib/abstract_controller/callbacks.rb:18:in `block in process_action'
  activesupport (3.2.7) lib/active_support/callbacks.rb:414:in `_run__236320447603305458__process_action__3240724209044620185__callbacks'
  activesupport (3.2.7) lib/active_support/callbacks.rb:405:in `__run_callback'
  activesupport (3.2.7) lib/active_support/callbacks.rb:385:in `_run_process_action_callbacks'
  activesupport (3.2.7) lib/active_support/callbacks.rb:81:in `run_callbacks'
  actionpack (3.2.7) lib/abstract_controller/callbacks.rb:17:in `process_action'
  actionpack (3.2.7) lib/action_controller/metal/rescue.rb:29:in `process_action'
  actionpack (3.2.7) lib/action_controller/metal/instrumentation.rb:30:in `block in process_action'
  activesupport (3.2.7) lib/active_support/notifications.rb:123:in `block in instrument'
  activesupport (3.2.7) lib/active_support/notifications/instrumenter.rb:20:in `instrument'
  activesupport (3.2.7) lib/active_support/notifications.rb:123:in `instrument'
  actionpack (3.2.7) lib/action_controller/metal/instrumentation.rb:29:in `process_action'
  actionpack (3.2.7) lib/action_controller/metal/params_wrapper.rb:207:in `process_action'
  activerecord (3.2.7) lib/active_record/railties/controller_runtime.rb:18:in `process_action'
  actionpack (3.2.7) lib/abstract_controller/base.rb:121:in `process'
  actionpack (3.2.7) lib/abstract_controller/rendering.rb:45:in `process'
  actionpack (3.2.7) lib/action_controller/metal.rb:203:in `dispatch'
  actionpack (3.2.7) lib/action_controller/metal/rack_delegation.rb:14:in `dispatch'
  actionpack (3.2.7) lib/action_controller/metal.rb:246:in `block in action'
  actionpack (3.2.7) lib/action_dispatch/routing/route_set.rb:73:in `call'
  actionpack (3.2.7) lib/action_dispatch/routing/route_set.rb:73:in `dispatch'
  actionpack (3.2.7) lib/action_dispatch/routing/route_set.rb:36:in `call'
  journey (1.0.4) lib/journey/router.rb:68:in `block in call'
  journey (1.0.4) lib/journey/router.rb:56:in `each'
  journey (1.0.4) lib/journey/router.rb:56:in `call'
  actionpack (3.2.7) lib/action_dispatch/routing/route_set.rb:600:in `call'
  warden (1.2.1) lib/warden/manager.rb:35:in `block in call'
  warden (1.2.1) lib/warden/manager.rb:34:in `catch'
  warden (1.2.1) lib/warden/manager.rb:34:in `call'
  actionpack (3.2.7) lib/action_dispatch/middleware/best_standards_support.rb:17:in `call'
  rack (1.4.1) lib/rack/etag.rb:23:in `call'
  rack (1.4.1) lib/rack/conditionalget.rb:25:in `call'
  actionpack (3.2.7) lib/action_dispatch/middleware/head.rb:14:in `call'
  actionpack (3.2.7) lib/action_dispatch/middleware/params_parser.rb:21:in `call'
  actionpack (3.2.7) lib/action_dispatch/middleware/flash.rb:242:in `call'
  rack (1.4.1) lib/rack/session/abstract/id.rb:205:in `context'
  rack (1.4.1) lib/rack/session/abstract/id.rb:200:in `call'
  actionpack (3.2.7) lib/action_dispatch/middleware/cookies.rb:338:in `call'
  activerecord (3.2.7) lib/active_record/query_cache.rb:64:in `call'
  activerecord (3.2.7) lib/active_record/connection_adapters/abstract/connection_pool.rb:473:in `call'
  actionpack (3.2.7) lib/action_dispatch/middleware/callbacks.rb:28:in `block in call'
  activesupport (3.2.7) lib/active_support/callbacks.rb:405:in `_run__3200049778102862057__call__3678136272325651213__callbacks'
  activesupport (3.2.7) lib/active_support/callbacks.rb:405:in `__run_callback'
  activesupport (3.2.7) lib/active_support/callbacks.rb:385:in `_run_call_callbacks'
  activesupport (3.2.7) lib/active_support/callbacks.rb:81:in `run_callbacks'
  actionpack (3.2.7) lib/action_dispatch/middleware/callbacks.rb:27:in `call'
  actionpack (3.2.7) lib/action_dispatch/middleware/reloader.rb:65:in `call'
  actionpack (3.2.7) lib/action_dispatch/middleware/remote_ip.rb:31:in `call'
  actionpack (3.2.7) lib/action_dispatch/middleware/debug_exceptions.rb:16:in `call'
  actionpack (3.2.7) lib/action_dispatch/middleware/show_exceptions.rb:56:in `call'
  railties (3.2.7) lib/rails/rack/logger.rb:26:in `call_app'
  railties (3.2.7) lib/rails/rack/logger.rb:16:in `call'
  actionpack (3.2.7) lib/action_dispatch/middleware/request_id.rb:22:in `call'
  rack (1.4.1) lib/rack/methodoverride.rb:21:in `call'
  rack (1.4.1) lib/rack/runtime.rb:17:in `call'
  activesupport (3.2.7) lib/active_support/cache/strategy/local_cache.rb:72:in `call'
  rack (1.4.1) lib/rack/lock.rb:15:in `call'
  actionpack (3.2.7) lib/action_dispatch/middleware/static.rb:62:in `call'
  railties (3.2.7) lib/rails/engine.rb:479:in `call'
  railties (3.2.7) lib/rails/application.rb:220:in `call'
  rack (1.4.1) lib/rack/content_length.rb:14:in `call'
  railties (3.2.7) lib/rails/rack/log_tailer.rb:17:in `call'
  rack (1.4.1) lib/rack/handler/webrick.rb:59:in `service'
  /usr/local/rvm/rubies/ruby-1.9.3-p194/lib/ruby/1.9.1/webrick/httpserver.rb:138:in `service'
  /usr/local/rvm/rubies/ruby-1.9.3-p194/lib/ruby/1.9.1/webrick/httpserver.rb:94:in `run'
  /usr/local/rvm/rubies/ruby-1.9.3-p194/lib/ruby/1.9.1/webrick/server.rb:191:in `block in start_thread'


  Rendered /usr/local/rvm/gems/ruby-1.9.3-p194/gems/actionpack-3.2.7/lib/action_dispatch/middleware/templates/rescues/_trace.erb (2.8ms)
  Rendered /usr/local/rvm/gems/ruby-1.9.3-p194/gems/actionpack-3.2.7/lib/action_dispatch/middleware/templates/rescues/_request_and_response.erb (0.9ms)
  Rendered /usr/local/rvm/gems/ruby-1.9.3-p194/gems/actionpack-3.2.7/lib/action_dispatch/middleware/templates/rescues/template_error.erb within rescues/layout (8.8ms)


Started GET "/" for 127.0.0.1 at 2012-09-10 01:18:45 -0700
Processing by PagesController#index as HTML
  Rendered pages/index.html.erb within layouts/application (0.0ms)
  [1m[36mUser Load (0.2ms)[0m  [1mSELECT "users".* FROM "users" WHERE "users"."id" = 3 LIMIT 1[0m
Completed 200 OK in 6ms (Views: 6.1ms | ActiveRecord: 0.2ms)


Started GET "/assets/application.css?body=1" for 127.0.0.1 at 2012-09-10 01:18:45 -0700
Served asset /application.css - 304 Not Modified (0ms)


Started GET "/assets/pages.css?body=1" for 127.0.0.1 at 2012-09-10 01:18:45 -0700
Served asset /pages.css - 304 Not Modified (0ms)


Started GET "/assets/jquery.js?body=1" for 127.0.0.1 at 2012-09-10 01:18:45 -0700
Served asset /jquery.js - 304 Not Modified (0ms)


Started GET "/assets/jquery_ujs.js?body=1" for 127.0.0.1 at 2012-09-10 01:18:45 -0700
Served asset /jquery_ujs.js - 304 Not Modified (0ms)


Started GET "/assets/application.js?body=1" for 127.0.0.1 at 2012-09-10 01:18:45 -0700
Served asset /application.js - 304 Not Modified (0ms)


Started GET "/assets/pages.js?body=1" for 127.0.0.1 at 2012-09-10 01:18:45 -0700
Served asset /pages.js - 304 Not Modified (0ms)


Started DELETE "/users/sign_out" for 127.0.0.1 at 2012-09-10 01:18:48 -0700
Processing by Devise::SessionsController#destroy as HTML
  Parameters: {"authenticity_token"=>"7muxNlNRnekxcy+f6ahf4WoJo/0eM8XmNpg4BKSb7jw="}
  [1m[35mUser Load (0.2ms)[0m  SELECT "users".* FROM "users" WHERE "users"."id" = 3 LIMIT 1
  [1m[36m (0.1ms)[0m  [1mbegin transaction[0m
  [1m[35m (0.0ms)[0m  commit transaction
Redirected to http://localhost:3000/
Completed 302 Found in 5ms (ActiveRecord: 0.3ms)


Started GET "/" for 127.0.0.1 at 2012-09-10 01:18:48 -0700
Processing by PagesController#index as HTML
  Rendered pages/index.html.erb within layouts/application (0.0ms)
Completed 200 OK in 6ms (Views: 5.3ms | ActiveRecord: 0.0ms)


Started GET "/assets/application.css?body=1" for 127.0.0.1 at 2012-09-10 01:18:48 -0700
Served asset /application.css - 304 Not Modified (0ms)


Started GET "/assets/pages.css?body=1" for 127.0.0.1 at 2012-09-10 01:18:48 -0700
Served asset /pages.css - 304 Not Modified (0ms)


Started GET "/assets/jquery.js?body=1" for 127.0.0.1 at 2012-09-10 01:18:48 -0700
Served asset /jquery.js - 304 Not Modified (0ms)


Started GET "/assets/jquery_ujs.js?body=1" for 127.0.0.1 at 2012-09-10 01:18:48 -0700
Served asset /jquery_ujs.js - 304 Not Modified (0ms)


Started GET "/assets/pages.js?body=1" for 127.0.0.1 at 2012-09-10 01:18:48 -0700
Served asset /pages.js - 304 Not Modified (0ms)


Started GET "/assets/application.js?body=1" for 127.0.0.1 at 2012-09-10 01:18:48 -0700
Served asset /application.js - 304 Not Modified (0ms)


Started GET "/users/sign_in" for 127.0.0.1 at 2012-09-10 01:18:50 -0700
Processing by Devise::SessionsController#new as HTML
  Rendered /usr/local/rvm/gems/ruby-1.9.3-p194/gems/devise-2.1.2/app/views/devise/shared/_links.erb (0.6ms)
  Rendered /usr/local/rvm/gems/ruby-1.9.3-p194/gems/devise-2.1.2/app/views/devise/sessions/new.html.erb within layouts/application (4.6ms)
Completed 200 OK in 12ms (Views: 10.8ms | ActiveRecord: 0.0ms)


Started GET "/assets/application.css?body=1" for 127.0.0.1 at 2012-09-10 01:18:50 -0700
Served asset /application.css - 304 Not Modified (0ms)


Started GET "/assets/pages.css?body=1" for 127.0.0.1 at 2012-09-10 01:18:50 -0700
Served asset /pages.css - 304 Not Modified (0ms)


Started GET "/assets/jquery_ujs.js?body=1" for 127.0.0.1 at 2012-09-10 01:18:50 -0700
Served asset /jquery_ujs.js - 304 Not Modified (0ms)


Started GET "/assets/jquery.js?body=1" for 127.0.0.1 at 2012-09-10 01:18:50 -0700
Served asset /jquery.js - 304 Not Modified (0ms)


Started GET "/assets/pages.js?body=1" for 127.0.0.1 at 2012-09-10 01:18:50 -0700
Served asset /pages.js - 304 Not Modified (0ms)


Started GET "/assets/application.js?body=1" for 127.0.0.1 at 2012-09-10 01:18:50 -0700
Served asset /application.js - 304 Not Modified (0ms)


Started POST "/users/sign_in" for 127.0.0.1 at 2012-09-10 01:18:57 -0700
Processing by Devise::SessionsController#create as HTML
  Parameters: {"utf8"=>"✓", "authenticity_token"=>"BDUe+K3CvPJ+90bw46qtbjugKgOLUpiIuYzBTLC8YpY=", "user"=>{"email"=>"me@benigeri.com", "password"=>"[FILTERED]", "remember_me"=>"0"}, "commit"=>"Sign in"}
  [1m[36mUser Load (0.2ms)[0m  [1mSELECT "users".* FROM "users" WHERE "users"."email" = 'me@benigeri.com' LIMIT 1[0m
  [1m[35m (0.1ms)[0m  begin transaction
  [1m[36m (0.3ms)[0m  [1mUPDATE "users" SET "current_sign_in_at" = '2012-09-10 08:18:57.697234', "sign_in_count" = 2, "updated_at" = '2012-09-10 08:18:57.697850' WHERE "users"."id" = 3[0m
  [1m[35m (0.9ms)[0m  commit transaction
Redirected to http://localhost:3000/
Completed 302 Found in 118ms (ActiveRecord: 0.0ms)


Started GET "/" for 127.0.0.1 at 2012-09-10 01:18:57 -0700
Processing by PagesController#index as HTML
  Rendered pages/index.html.erb within layouts/application (0.0ms)
  [1m[36mUser Load (0.2ms)[0m  [1mSELECT "users".* FROM "users" WHERE "users"."id" = 3 LIMIT 1[0m
Completed 200 OK in 5ms (Views: 5.1ms | ActiveRecord: 0.2ms)


Started GET "/assets/application.css?body=1" for 127.0.0.1 at 2012-09-10 01:18:57 -0700
Served asset /application.css - 304 Not Modified (0ms)


Started GET "/assets/pages.css?body=1" for 127.0.0.1 at 2012-09-10 01:18:57 -0700
Served asset /pages.css - 304 Not Modified (0ms)


Started GET "/assets/jquery_ujs.js?body=1" for 127.0.0.1 at 2012-09-10 01:18:57 -0700
Served asset /jquery_ujs.js - 304 Not Modified (0ms)


Started GET "/assets/jquery.js?body=1" for 127.0.0.1 at 2012-09-10 01:18:57 -0700
Served asset /jquery.js - 304 Not Modified (0ms)


Started GET "/assets/pages.js?body=1" for 127.0.0.1 at 2012-09-10 01:18:57 -0700
Served asset /pages.js - 304 Not Modified (0ms)


Started GET "/assets/application.js?body=1" for 127.0.0.1 at 2012-09-10 01:18:57 -0700
Served asset /application.js - 304 Not Modified (0ms)


Started DELETE "/users/sign_out" for 127.0.0.1 at 2012-09-10 01:19:00 -0700
Processing by Devise::SessionsController#destroy as HTML
  Parameters: {"authenticity_token"=>"BDUe+K3CvPJ+90bw46qtbjugKgOLUpiIuYzBTLC8YpY="}
  [1m[35mUser Load (0.2ms)[0m  SELECT "users".* FROM "users" WHERE "users"."id" = 3 LIMIT 1
  [1m[36m (0.0ms)[0m  [1mbegin transaction[0m
  [1m[35m (0.0ms)[0m  commit transaction
Redirected to http://localhost:3000/
Completed 302 Found in 2ms (ActiveRecord: 0.2ms)


Started GET "/" for 127.0.0.1 at 2012-09-10 01:19:00 -0700
Processing by PagesController#index as HTML
  Rendered pages/index.html.erb within layouts/application (0.0ms)
Completed 200 OK in 4ms (Views: 4.2ms | ActiveRecord: 0.0ms)


Started GET "/assets/application.css?body=1" for 127.0.0.1 at 2012-09-10 01:19:00 -0700
Served asset /application.css - 304 Not Modified (0ms)


Started GET "/assets/jquery.js?body=1" for 127.0.0.1 at 2012-09-10 01:19:00 -0700
Served asset /jquery.js - 304 Not Modified (0ms)


Started GET "/assets/pages.css?body=1" for 127.0.0.1 at 2012-09-10 01:19:00 -0700
Served asset /pages.css - 304 Not Modified (0ms)


Started GET "/assets/application.js?body=1" for 127.0.0.1 at 2012-09-10 01:19:00 -0700
Served asset /application.js - 304 Not Modified (0ms)


Started GET "/assets/jquery_ujs.js?body=1" for 127.0.0.1 at 2012-09-10 01:19:00 -0700
Served asset /jquery_ujs.js - 304 Not Modified (0ms)


Started GET "/assets/pages.js?body=1" for 127.0.0.1 at 2012-09-10 01:19:00 -0700
Served asset /pages.js - 304 Not Modified (0ms)


Started GET "/users/sign_up" for 127.0.0.1 at 2012-09-10 01:19:01 -0700
Processing by Devise::RegistrationsController#new as HTML
  Rendered /usr/local/rvm/gems/ruby-1.9.3-p194/gems/devise-2.1.2/app/views/devise/shared/_links.erb (0.6ms)
  Rendered /usr/local/rvm/gems/ruby-1.9.3-p194/gems/devise-2.1.2/app/views/devise/registrations/new.html.erb within layouts/application (19.2ms)
Completed 200 OK in 25ms (Views: 24.8ms | ActiveRecord: 0.0ms)


Started GET "/assets/application.css?body=1" for 127.0.0.1 at 2012-09-10 01:19:01 -0700
Served asset /application.css - 304 Not Modified (0ms)


Started GET "/assets/pages.css?body=1" for 127.0.0.1 at 2012-09-10 01:19:01 -0700
Served asset /pages.css - 304 Not Modified (0ms)


Started GET "/assets/jquery.js?body=1" for 127.0.0.1 at 2012-09-10 01:19:01 -0700
Served asset /jquery.js - 304 Not Modified (0ms)


Started GET "/assets/jquery_ujs.js?body=1" for 127.0.0.1 at 2012-09-10 01:19:01 -0700
Served asset /jquery_ujs.js - 304 Not Modified (0ms)


Started GET "/assets/application.js?body=1" for 127.0.0.1 at 2012-09-10 01:19:01 -0700
Served asset /application.js - 304 Not Modified (0ms)


Started GET "/assets/pages.js?body=1" for 127.0.0.1 at 2012-09-10 01:19:01 -0700
Served asset /pages.js - 304 Not Modified (0ms)


Started GET "/users/password/new" for 127.0.0.1 at 2012-09-10 01:19:03 -0700
Processing by Devise::PasswordsController#new as HTML
  Rendered /usr/local/rvm/gems/ruby-1.9.3-p194/gems/devise-2.1.2/app/views/devise/shared/_links.erb (0.5ms)
  Rendered /usr/local/rvm/gems/ruby-1.9.3-p194/gems/devise-2.1.2/app/views/devise/passwords/new.html.erb within layouts/application (3.5ms)
Completed 200 OK in 10ms (Views: 9.6ms | ActiveRecord: 0.0ms)


Started GET "/assets/application.css?body=1" for 127.0.0.1 at 2012-09-10 01:19:03 -0700
Served asset /application.css - 304 Not Modified (0ms)


Started GET "/assets/pages.css?body=1" for 127.0.0.1 at 2012-09-10 01:19:03 -0700
Served asset /pages.css - 304 Not Modified (0ms)


Started GET "/assets/jquery.js?body=1" for 127.0.0.1 at 2012-09-10 01:19:03 -0700
Served asset /jquery.js - 304 Not Modified (0ms)


Started GET "/assets/jquery_ujs.js?body=1" for 127.0.0.1 at 2012-09-10 01:19:03 -0700
Served asset /jquery_ujs.js - 304 Not Modified (0ms)


Started GET "/assets/application.js?body=1" for 127.0.0.1 at 2012-09-10 01:19:03 -0700
Served asset /application.js - 304 Not Modified (0ms)


Started GET "/assets/pages.js?body=1" for 127.0.0.1 at 2012-09-10 01:19:03 -0700
Served asset /pages.js - 304 Not Modified (0ms)


Started POST "/users/password" for 127.0.0.1 at 2012-09-10 01:19:08 -0700
Processing by Devise::PasswordsController#create as HTML
  Parameters: {"utf8"=>"✓", "authenticity_token"=>"poCxZ9fBEGcc4bB/DHW5+kmukT6ZZDly5IqwdKNaXd4=", "user"=>{"email"=>"benigeri@stanford.edu"}, "commit"=>"Send me reset password instructions"}
  [1m[36mUser Load (0.2ms)[0m  [1mSELECT "users".* FROM "users" WHERE "users"."email" = 'benigeri@stanford.edu' LIMIT 1[0m
  Rendered /usr/local/rvm/gems/ruby-1.9.3-p194/gems/devise-2.1.2/app/views/devise/shared/_links.erb (0.4ms)
  Rendered /usr/local/rvm/gems/ruby-1.9.3-p194/gems/devise-2.1.2/app/views/devise/passwords/new.html.erb within layouts/application (3.6ms)
Completed 200 OK in 50ms (Views: 30.7ms | ActiveRecord: 0.0ms)


Started GET "/assets/application.css?body=1" for 127.0.0.1 at 2012-09-10 01:19:08 -0700
Served asset /application.css - 304 Not Modified (0ms)


Started GET "/assets/jquery.js?body=1" for 127.0.0.1 at 2012-09-10 01:19:08 -0700
Served asset /jquery.js - 304 Not Modified (0ms)


Started GET "/assets/pages.css?body=1" for 127.0.0.1 at 2012-09-10 01:19:08 -0700
Served asset /pages.css - 304 Not Modified (0ms)


Started GET "/assets/jquery_ujs.js?body=1" for 127.0.0.1 at 2012-09-10 01:19:08 -0700
Served asset /jquery_ujs.js - 304 Not Modified (0ms)


Started GET "/assets/pages.js?body=1" for 127.0.0.1 at 2012-09-10 01:19:08 -0700
Served asset /pages.js - 304 Not Modified (0ms)


Started GET "/assets/application.js?body=1" for 127.0.0.1 at 2012-09-10 01:19:08 -0700
Served asset /application.js - 304 Not Modified (0ms)


Started POST "/users/password" for 127.0.0.1 at 2012-09-10 01:19:14 -0700
Processing by Devise::PasswordsController#create as HTML
  Parameters: {"utf8"=>"✓", "authenticity_token"=>"poCxZ9fBEGcc4bB/DHW5+kmukT6ZZDly5IqwdKNaXd4=", "user"=>{"email"=>"me@benigeri.com"}, "commit"=>"Send me reset password instructions"}
  [1m[35mUser Load (0.2ms)[0m  SELECT "users".* FROM "users" WHERE "users"."email" = 'me@benigeri.com' LIMIT 1
  [1m[36mUser Load (0.1ms)[0m  [1mSELECT "users".* FROM "users" WHERE "users"."reset_password_token" = 'tzX4nNttXy9yT8FykGU7' LIMIT 1[0m
  [1m[35m (0.0ms)[0m  begin transaction
  [1m[36m (0.3ms)[0m  [1mUPDATE "users" SET "reset_password_token" = 'tzX4nNttXy9yT8FykGU7', "reset_password_sent_at" = '2012-09-10 08:19:14.692899', "updated_at" = '2012-09-10 08:19:14.693194' WHERE "users"."id" = 3[0m
  [1m[35m (0.6ms)[0m  commit transaction
  Rendered /usr/local/rvm/gems/ruby-1.9.3-p194/gems/devise-2.1.2/app/views/devise/mailer/reset_password_instructions.html.erb (0.9ms)

Sent mail to me@benigeri.com (42ms)
Date: Mon, 10 Sep 2012 01:19:15 -0700
From: please-change-me-at-config-initializers-devise@example.com
Reply-To: please-change-me-at-config-initializers-devise@example.com
To: me@benigeri.com
Message-ID: <504da28320d42_8853fc756f53004777b3@dn51sc4n.sunet.mail>
Subject: Reset password instructions
Mime-Version: 1.0
Content-Type: text/html;
 charset=UTF-8
Content-Transfer-Encoding: 7bit

<p>Hello me@benigeri.com!</p>

<p>Someone has requested a link to change your password, and you can do this through the link below.</p>

<p><a href="http://localhost:3000/users/password/edit?reset_password_token=tzX4nNttXy9yT8FykGU7">Change my password</a></p>

<p>If you didn't request this, please ignore this email.</p>
<p>Your password won't change until you access the link above and create a new one.</p>

Redirected to http://localhost:3000/users/sign_in
Completed 302 Found in 458ms (ActiveRecord: 0.0ms)


Started GET "/users/sign_in" for 127.0.0.1 at 2012-09-10 01:19:15 -0700
Processing by Devise::SessionsController#new as HTML
  Rendered /usr/local/rvm/gems/ruby-1.9.3-p194/gems/devise-2.1.2/app/views/devise/shared/_links.erb (0.4ms)
  Rendered /usr/local/rvm/gems/ruby-1.9.3-p194/gems/devise-2.1.2/app/views/devise/sessions/new.html.erb within layouts/application (3.5ms)
Completed 200 OK in 10ms (Views: 9.4ms | ActiveRecord: 0.0ms)


Started GET "/assets/application.css?body=1" for 127.0.0.1 at 2012-09-10 01:19:15 -0700
Served asset /application.css - 304 Not Modified (0ms)


Started GET "/assets/pages.css?body=1" for 127.0.0.1 at 2012-09-10 01:19:15 -0700
Served asset /pages.css - 304 Not Modified (0ms)


Started GET "/assets/jquery.js?body=1" for 127.0.0.1 at 2012-09-10 01:19:15 -0700
Served asset /jquery.js - 304 Not Modified (0ms)


Started GET "/assets/jquery_ujs.js?body=1" for 127.0.0.1 at 2012-09-10 01:19:15 -0700
Served asset /jquery_ujs.js - 304 Not Modified (0ms)


Started GET "/assets/application.js?body=1" for 127.0.0.1 at 2012-09-10 01:19:15 -0700
Served asset /application.js - 304 Not Modified (0ms)


Started GET "/assets/pages.js?body=1" for 127.0.0.1 at 2012-09-10 01:19:15 -0700
Served asset /pages.js - 304 Not Modified (0ms)


Started POST "/users/sign_in" for 127.0.0.1 at 2012-09-10 01:19:35 -0700
Processing by Devise::SessionsController#create as HTML
  Parameters: {"utf8"=>"✓", "authenticity_token"=>"poCxZ9fBEGcc4bB/DHW5+kmukT6ZZDly5IqwdKNaXd4=", "user"=>{"email"=>"me@benigeri.com", "password"=>"[FILTERED]", "remember_me"=>"0"}, "commit"=>"Sign in"}
  [1m[36mUser Load (0.3ms)[0m  [1mSELECT "users".* FROM "users" WHERE "users"."email" = 'me@benigeri.com' LIMIT 1[0m
  [1m[35m (0.1ms)[0m  begin transaction
  [1m[36m (0.3ms)[0m  [1mUPDATE "users" SET "last_sign_in_at" = '2012-09-10 08:18:57.697234', "current_sign_in_at" = '2012-09-10 08:19:35.760550', "sign_in_count" = 3, "updated_at" = '2012-09-10 08:19:35.761162' WHERE "users"."id" = 3[0m
  [1m[35m (0.6ms)[0m  commit transaction
Redirected to http://localhost:3000/
Completed 302 Found in 98ms (ActiveRecord: 0.0ms)


Started GET "/" for 127.0.0.1 at 2012-09-10 01:19:35 -0700
Processing by PagesController#index as HTML
  Rendered pages/index.html.erb within layouts/application (0.0ms)
  [1m[36mUser Load (0.2ms)[0m  [1mSELECT "users".* FROM "users" WHERE "users"."id" = 3 LIMIT 1[0m
Completed 200 OK in 5ms (Views: 5.0ms | ActiveRecord: 0.2ms)


Started GET "/assets/application.css?body=1" for 127.0.0.1 at 2012-09-10 01:19:35 -0700
Served asset /application.css - 304 Not Modified (0ms)


Started GET "/assets/pages.css?body=1" for 127.0.0.1 at 2012-09-10 01:19:35 -0700
Served asset /pages.css - 304 Not Modified (0ms)


Started GET "/assets/jquery.js?body=1" for 127.0.0.1 at 2012-09-10 01:19:35 -0700
Served asset /jquery.js - 304 Not Modified (0ms)


Started GET "/assets/pages.js?body=1" for 127.0.0.1 at 2012-09-10 01:19:35 -0700
Served asset /pages.js - 304 Not Modified (0ms)


Started GET "/assets/jquery_ujs.js?body=1" for 127.0.0.1 at 2012-09-10 01:19:35 -0700
Served asset /jquery_ujs.js - 304 Not Modified (0ms)


Started GET "/assets/application.js?body=1" for 127.0.0.1 at 2012-09-10 01:19:35 -0700
Served asset /application.js - 304 Not Modified (0ms)
Connecting to database specified by database.yml
Connecting to database specified by database.yml
  [1m[36m (0.1ms)[0m  [1mSELECT "schema_migrations"."version" FROM "schema_migrations" [0m
Migrating to CreateUsers (20120910074028)
Migrating to AddDeviseToUsers (20120910080338)
Migrating to CreateLinks (20120910222546)
  [1m[35m (0.0ms)[0m  select sqlite_version(*)
  [1m[36m (0.0ms)[0m  [1mbegin transaction[0m
  [1m[35m (0.5ms)[0m  CREATE TABLE "links" ("id" INTEGER PRIMARY KEY AUTOINCREMENT NOT NULL, "user_id" integer, "url" varchar(255), "created_at" datetime NOT NULL, "updated_at" datetime NOT NULL) 
  [1m[36m (0.1ms)[0m  [1mINSERT INTO "schema_migrations" ("version") VALUES ('20120910222546')[0m
  [1m[35m (0.9ms)[0m  commit transaction
  [1m[36m (0.2ms)[0m  [1mselect sqlite_version(*)[0m
  [1m[35m (0.1ms)[0m  SELECT "schema_migrations"."version" FROM "schema_migrations" 
  [1m[36m (0.0ms)[0m  [1mPRAGMA index_list("links")[0m
  [1m[35m (0.0ms)[0m  PRAGMA index_list("users")
  [1m[36m (0.0ms)[0m  [1mPRAGMA index_info('index_users_on_reset_password_token')[0m
  [1m[35m (0.0ms)[0m  PRAGMA index_info('index_users_on_email')
Connecting to database specified by database.yml
Connecting to database specified by database.yml
  [1m[36m (0.1ms)[0m  [1mSELECT "schema_migrations"."version" FROM "schema_migrations" [0m
Migrating to CreateUsers (20120910074028)
Migrating to AddDeviseToUsers (20120910080338)
Migrating to CreateLinks (20120910222546)
Migrating to AddTitleToLink (20120910222826)
  [1m[35m (0.0ms)[0m  select sqlite_version(*)
  [1m[36m (0.0ms)[0m  [1mbegin transaction[0m
  [1m[35m (0.0ms)[0m  rollback transaction
Connecting to database specified by database.yml
  [1m[36m (0.1ms)[0m  [1mSELECT "schema_migrations"."version" FROM "schema_migrations" [0m
Migrating to CreateUsers (20120910074028)
Migrating to AddDeviseToUsers (20120910080338)
Migrating to CreateLinks (20120910222546)
Migrating to AddTitleToLink (20120910222826)
  [1m[35m (0.0ms)[0m  select sqlite_version(*)
  [1m[36m (0.0ms)[0m  [1mbegin transaction[0m
  [1m[35m (0.4ms)[0m  ALTER TABLE "links" ADD "title" varchar(255)
  [1m[36m (0.1ms)[0m  [1mINSERT INTO "schema_migrations" ("version") VALUES ('20120910222826')[0m
  [1m[35m (0.7ms)[0m  commit transaction
  [1m[36m (0.2ms)[0m  [1mselect sqlite_version(*)[0m
  [1m[35m (0.1ms)[0m  SELECT "schema_migrations"."version" FROM "schema_migrations" 
  [1m[36m (0.0ms)[0m  [1mPRAGMA index_list("links")[0m
  [1m[35m (0.0ms)[0m  PRAGMA index_list("users")
  [1m[36m (0.1ms)[0m  [1mPRAGMA index_info('index_users_on_reset_password_token')[0m
  [1m[35m (0.0ms)[0m  PRAGMA index_info('index_users_on_email')
Connecting to database specified by database.yml
